0


----------------------------------------------------------------------------
Training DecisionTree with config/adult.yml in env sklearn

WARNING:root:imports error 
 You need to install pymongo>=3.9.0 in order to use MongoOutput 
Namespace(config='config/adult.yml', model_name='DecisionTree', dataset='Adult', objective='binary', use_gpu=False, gpu_ids=[0, 1], data_parallel=True, optimize_hyperparameters=False, n_trials=2, direction='maximize', num_splits=5, shuffle=True, seed=221, scale=True, target_encode=True, one_hot_encode=False, batch_size=128, val_batch_size=256, early_stopping_rounds=20, epochs=3, logging_period=100, num_features=14, num_classes=1, cat_idx=[1, 3, 5, 6, 7, 8, 9, 13], cat_dims=[9, 16, 7, 15, 6, 5, 2, 42])
Train model with given hyperparameters
Loading dataset Adult...
Dataset loaded!
(32561, 14)
Scaling the data...
{'Log Loss - mean': 0.34300155119617437, 'Log Loss - std': 0.0, 'AUC - mean': 0.9060426425422992, 'AUC - std': 0.0, 'Accuracy - mean': 0.8486104713649624, 'Accuracy - std': 0.0, 'F1 score - mean': 0.8486104713649624, 'F1 score - std': 0.0}
{'Log Loss - mean': 0.32442123556927893, 'Log Loss - std': 0.01858031562689541, 'AUC - mean': 0.9087293003820901, 'AUC - std': 0.00268665783979094, 'Accuracy - mean': 0.8549716975989431, 'Accuracy - std': 0.006361226233980721, 'F1 score - mean': 0.8549716975989431, 'F1 score - std': 0.006361226233980721}
{'Log Loss - mean': 0.3164674390091332, 'Log Loss - std': 0.018885916586275107, 'AUC - mean': 0.9115867497079222, 'AUC - std': 0.004598056132556183, 'Accuracy - mean': 0.8579111071626041, 'Accuracy - std': 0.0066525977356573845, 'F1 score - mean': 0.8579111071626041, 'F1 score - std': 0.0066525977356573845}
{'Log Loss - mean': 0.3168371749104736, 'Log Loss - std': 0.016368216087528472, 'AUC - mean': 0.9111248316984174, 'AUC - std': 0.0040616123511627595, 'Accuracy - mean': 0.8572309347945575, 'Accuracy - std': 0.0058805353349093755, 'F1 score - mean': 0.8572309347945575, 'F1 score - std': 0.0058805353349093755}
{'Log Loss - mean': 0.31751593512808335, 'Log Loss - std': 0.0147029813317728, 'AUC - mean': 0.9106718209552931, 'AUC - std': 0.0037440927935134005, 'Accuracy - mean': 0.8566692687201669, 'Accuracy - std': 0.00537832983151644, 'F1 score - mean': 0.8566692687201669, 'F1 score - std': 0.00537832983151644}
Results: {'Log Loss - mean': 0.31751593512808335, 'Log Loss - std': 0.0147029813317728, 'AUC - mean': 0.9106718209552931, 'AUC - std': 0.0037440927935134005, 'Accuracy - mean': 0.8566692687201669, 'Accuracy - std': 0.00537832983151644, 'F1 score - mean': 0.8566692687201669, 'F1 score - std': 0.00537832983151644}
Train time: 0.07940185600000005
Inference time: 0.023533986199999957
Finished cross validation
{'Log Loss - mean': 0.31751593512808335, 'Log Loss - std': 0.0147029813317728, 'AUC - mean': 0.9106718209552931, 'AUC - std': 0.0037440927935134005, 'Accuracy - mean': 0.8566692687201669, 'Accuracy - std': 0.00537832983151644, 'F1 score - mean': 0.8566692687201669, 'F1 score - std': 0.00537832983151644}
(0.07940185600000005, 0.023533986199999957)


----------------------------------------------------------------------------
Training DecisionTree with config/california_housing.yml in env sklearn

WARNING:root:imports error 
 You need to install pymongo>=3.9.0 in order to use MongoOutput 
Namespace(config='config/california_housing.yml', model_name='DecisionTree', dataset='CaliforniaHousing', objective='regression', use_gpu=True, gpu_ids=[0, 1], data_parallel=True, optimize_hyperparameters=False, n_trials=2, direction='minimize', num_splits=5, shuffle=True, seed=221, scale=True, target_encode=False, one_hot_encode=False, batch_size=128, val_batch_size=256, early_stopping_rounds=20, epochs=3, logging_period=100, num_features=8, num_classes=1, cat_idx=None, cat_dims=None)
Train model with given hyperparameters
Loading dataset CaliforniaHousing...
Dataset loaded!
(20640, 8)
Scaling the data...
{'MSE - mean': 0.30570841536008897, 'MSE - std': 0.0, 'R2 - mean': 0.7746003816382094, 'R2 - std': 0.0}
{'MSE - mean': 0.30279047025082895, 'MSE - std': 0.0029179451092600506, 'R2 - mean': 0.7709646584955876, 'R2 - std': 0.0036357231426218384}
{'MSE - mean': 0.3076548239469195, 'MSE - std': 0.0072801197015188385, 'R2 - mean': 0.7669088040688893, 'R2 - std': 0.0064585007631543625}
{'MSE - mean': 0.3109275063420888, 'MSE - std': 0.008478293302916941, 'R2 - mean': 0.7675799767597548, 'R2 - std': 0.005712756989723946}
{'MSE - mean': 0.30526478254709766, 'MSE - std': 0.01362978095853578, 'R2 - mean': 0.7706750487974791, 'R2 - std': 0.008026603117989719}
Results: {'MSE - mean': 0.30526478254709766, 'MSE - std': 0.01362978095853578, 'R2 - mean': 0.7706750487974791, 'R2 - std': 0.008026603117989719}
Train time: 0.8646397334
Inference time: 0.005660884799999932
Finished cross validation
{'MSE - mean': 0.30526478254709766, 'MSE - std': 0.01362978095853578, 'R2 - mean': 0.7706750487974791, 'R2 - std': 0.008026603117989719}
(0.8646397334, 0.005660884799999932)


----------------------------------------------------------------------------
Training DecisionTree with config/covertype.yml in env sklearn

WARNING:root:imports error 
 You need to install pymongo>=3.9.0 in order to use MongoOutput 
Namespace(config='config/covertype.yml', model_name='DecisionTree', dataset='Covertype', objective='classification', use_gpu=False, gpu_ids=[0, 1], data_parallel=True, optimize_hyperparameters=False, n_trials=2, direction='minimize', num_splits=5, shuffle=True, seed=221, scale=True, target_encode=True, one_hot_encode=False, batch_size=128, val_batch_size=256, early_stopping_rounds=20, epochs=3, logging_period=100, num_features=54, num_classes=7, cat_idx=None, cat_dims=None)
Train model with given hyperparameters
Loading dataset Covertype...
Dataset loaded!
(581012, 54)
Having 7 classes as target.
Scaling the data...
{'Log Loss - mean': 0.4849157446611392, 'Log Loss - std': 0.0, 'AUC - mean': 0.9630715157336228, 'AUC - std': 0.0, 'Accuracy - mean': 0.8107535950018502, 'Accuracy - std': 0.0, 'F1 score - mean': 0.8061929851097537, 'F1 score - std': 0.0}
{'Log Loss - mean': 0.4811596628958946, 'Log Loss - std': 0.0037560817652445566, 'AUC - mean': 0.9630424548982117, 'AUC - std': 2.9060835411043318e-05, 'Accuracy - mean': 0.8128576714886879, 'Accuracy - std': 0.0021040764868376916, 'F1 score - mean': 0.8078496061130301, 'F1 score - std': 0.0016566210032764594}
{'Log Loss - mean': 0.48157494832499864, 'Log Loss - std': 0.0031225562380930725, 'AUC - mean': 0.9633556743525649, 'AUC - std': 0.00044359426800508726, 'Accuracy - mean': 0.8125688435788742, 'Accuracy - std': 0.0017658619324898645, 'F1 score - mean': 0.8077469355778456, 'F1 score - std': 0.0013603962326915358}
{'Log Loss - mean': 0.48245998176099103, 'Log Loss - std': 0.003108475614109575, 'AUC - mean': 0.9631190625484697, 'AUC - std': 0.0005617271076480977, 'Accuracy - mean': 0.8119919930049763, 'Accuracy - std': 0.0018267378102184346, 'F1 score - mean': 0.807107355251365, 'F1 score - std': 0.001617157201543528}
{'Log Loss - mean': 0.484640488489149, 'Log Loss - std': 0.00517189857605303, 'AUC - mean': 0.9624128539516601, 'AUC - std': 0.0014991171413884495, 'Accuracy - mean': 0.8109298880994423, 'Accuracy - std': 0.002679896293378189, 'F1 score - mean': 0.8059841151594889, 'F1 score - std': 0.0026718591182162714}
Results: {'Log Loss - mean': 0.484640488489149, 'Log Loss - std': 0.00517189857605303, 'AUC - mean': 0.9624128539516601, 'AUC - std': 0.0014991171413884495, 'Accuracy - mean': 0.8109298880994423, 'Accuracy - std': 0.002679896293378189, 'F1 score - mean': 0.8059841151594889, 'F1 score - std': 0.0026718591182162714}
Train time: 0.17022218780000023
Inference time: 0.07150215280000012
Finished cross validation
{'Log Loss - mean': 0.484640488489149, 'Log Loss - std': 0.00517189857605303, 'AUC - mean': 0.9624128539516601, 'AUC - std': 0.0014991171413884495, 'Accuracy - mean': 0.8109298880994423, 'Accuracy - std': 0.002679896293378189, 'F1 score - mean': 0.8059841151594889, 'F1 score - std': 0.0026718591182162714}
(0.17022218780000023, 0.07150215280000012)
