2


----------------------------------------------------------------------------
Training DecisionTree with config/adult.yml in env sklearn

WARNING:root:imports error 
 You need to install pymongo>=3.9.0 in order to use MongoOutput 
Namespace(config='config/adult.yml', model_name='DecisionTree', dataset='Adult', objective='binary', use_gpu=False, gpu_ids=[0, 1], data_parallel=True, optimize_hyperparameters=False, n_trials=2, direction='maximize', num_splits=5, shuffle=True, seed=221, scale=True, target_encode=True, one_hot_encode=False, batch_size=128, val_batch_size=256, early_stopping_rounds=20, epochs=3, logging_period=100, num_features=14, num_classes=1, cat_idx=[1, 3, 5, 6, 7, 8, 9, 13], cat_dims=[9, 16, 7, 15, 6, 5, 2, 42])
Train model with given hyperparameters
Loading dataset Adult...
Dataset loaded!
(32561, 14)
Scaling the data...
{'Log Loss - mean': 0.34374512977274563, 'Log Loss - std': 0.0, 'AUC - mean': 0.9056507453266257, 'AUC - std': 0.0, 'Accuracy - mean': 0.8470750806080147, 'Accuracy - std': 0.0, 'F1 score - mean': 0.8470750806080147, 'F1 score - std': 0.0}
{'Log Loss - mean': 0.3262520475365357, 'Log Loss - std': 0.017493082236209934, 'AUC - mean': 0.909398977909416, 'AUC - std': 0.0037482325827903895, 'Accuracy - mean': 0.8548950341615011, 'Accuracy - std': 0.00781995355348647, 'F1 score - mean': 0.8548950341615011, 'F1 score - std': 0.00781995355348647}
{'Log Loss - mean': 0.31759149272293147, 'Log Loss - std': 0.01881530503182863, 'AUC - mean': 0.9122901394734592, 'AUC - std': 0.005107229716319969, 'Accuracy - mean': 0.8573993102436216, 'Accuracy - std': 0.007301409437687424, 'F1 score - mean': 0.8573993102436216, 'F1 score - std': 0.007301409437687424}
{'Log Loss - mean': 0.31679743929198434, 'Log Loss - std': 0.016352471988484295, 'AUC - mean': 0.9113723725726577, 'AUC - std': 0.004699971785454367, 'Accuracy - mean': 0.8567319151151487, 'Accuracy - std': 0.00642799996928217, 'F1 score - mean': 0.8567319151151487, 'F1 score - std': 0.00642799996928217}
{'Log Loss - mean': 0.31847616369644494, 'Log Loss - std': 0.015006503077394713, 'AUC - mean': 0.9107687983660648, 'AUC - std': 0.004373670668753, 'Accuracy - mean': 0.8562700529766399, 'Accuracy - std': 0.005823110287812271, 'F1 score - mean': 0.8562700529766399, 'F1 score - std': 0.005823110287812271}
Results: {'Log Loss - mean': 0.31847616369644494, 'Log Loss - std': 0.015006503077394713, 'AUC - mean': 0.9107687983660648, 'AUC - std': 0.004373670668753, 'Accuracy - mean': 0.8562700529766399, 'Accuracy - std': 0.005823110287812271, 'F1 score - mean': 0.8562700529766399, 'F1 score - std': 0.005823110287812271}
Train time: 0.05450120239999996
Inference time: 0.01724889780000005
Finished cross validation
{'Log Loss - mean': 0.31847616369644494, 'Log Loss - std': 0.015006503077394713, 'AUC - mean': 0.9107687983660648, 'AUC - std': 0.004373670668753, 'Accuracy - mean': 0.8562700529766399, 'Accuracy - std': 0.005823110287812271, 'F1 score - mean': 0.8562700529766399, 'F1 score - std': 0.005823110287812271}
(0.05450120239999996, 0.01724889780000005)


----------------------------------------------------------------------------
Training DecisionTree with config/california_housing.yml in env sklearn

WARNING:root:imports error 
 You need to install pymongo>=3.9.0 in order to use MongoOutput 
Namespace(config='config/california_housing.yml', model_name='DecisionTree', dataset='CaliforniaHousing', objective='regression', use_gpu=True, gpu_ids=[0, 1], data_parallel=True, optimize_hyperparameters=False, n_trials=2, direction='minimize', num_splits=5, shuffle=True, seed=221, scale=True, target_encode=False, one_hot_encode=False, batch_size=128, val_batch_size=256, early_stopping_rounds=20, epochs=3, logging_period=100, num_features=8, num_classes=1, cat_idx=None, cat_dims=None)
Train model with given hyperparameters
Loading dataset CaliforniaHousing...
Dataset loaded!
(20640, 8)
Scaling the data...
{'MSE - mean': 0.29763838849361474, 'MSE - std': 0.0, 'R2 - mean': 0.7805504336632089, 'R2 - std': 0.0}
{'MSE - mean': 0.3034560998155442, 'MSE - std': 0.0058177113219294585, 'R2 - mean': 0.7702924560387807, 'R2 - std': 0.010257977624428205}
{'MSE - mean': 0.30541540841108544, 'MSE - std': 0.005499238465035635, 'R2 - mean': 0.7684998046903392, 'R2 - std': 0.00875088191801171}
{'MSE - mean': 0.30828441807921686, 'MSE - std': 0.006882940301861616, 'R2 - mean': 0.7694653733729488, 'R2 - std': 0.007760825948296205}
{'MSE - mean': 0.30195104316619226, 'MSE - std': 0.014083552283245546, 'R2 - mean': 0.7731039682628661, 'R2 - std': 0.010056929283410836}
Results: {'MSE - mean': 0.30195104316619226, 'MSE - std': 0.014083552283245546, 'R2 - mean': 0.7731039682628661, 'R2 - std': 0.010056929283410836}
Train time: 0.012406841599999963
Inference time: 0.00501007060000005
Finished cross validation
{'MSE - mean': 0.30195104316619226, 'MSE - std': 0.014083552283245546, 'R2 - mean': 0.7731039682628661, 'R2 - std': 0.010056929283410836}
(0.012406841599999963, 0.00501007060000005)


----------------------------------------------------------------------------
Training DecisionTree with config/covertype.yml in env sklearn

WARNING:root:imports error 
 You need to install pymongo>=3.9.0 in order to use MongoOutput 
Namespace(config='config/covertype.yml', model_name='DecisionTree', dataset='Covertype', objective='classification', use_gpu=False, gpu_ids=[0, 1], data_parallel=True, optimize_hyperparameters=False, n_trials=2, direction='minimize', num_splits=5, shuffle=True, seed=221, scale=True, target_encode=True, one_hot_encode=False, batch_size=128, val_batch_size=256, early_stopping_rounds=20, epochs=3, logging_period=100, num_features=54, num_classes=7, cat_idx=None, cat_dims=None)
Train model with given hyperparameters
Loading dataset Covertype...
Dataset loaded!
(581012, 54)
Having 7 classes as target.
Scaling the data...
{'Log Loss - mean': 0.4867927244573831, 'Log Loss - std': 0.0, 'AUC - mean': 0.9620669304656785, 'AUC - std': 0.0, 'Accuracy - mean': 0.8118034818378183, 'Accuracy - std': 0.0, 'F1 score - mean': 0.8074083145147535, 'F1 score - std': 0.0}
{'Log Loss - mean': 0.4843255725026765, 'Log Loss - std': 0.00246715195470662, 'AUC - mean': 0.9624035675887905, 'AUC - std': 0.0003366371231121046, 'Accuracy - mean': 0.8131330516423845, 'Accuracy - std': 0.0013295698045661664, 'F1 score - mean': 0.808526767565465, 'F1 score - std': 0.0011184530507115098}
{'Log Loss - mean': 0.48386435799021404, 'Log Loss - std': 0.0021173875801925577, 'AUC - mean': 0.9625722520990716, 'AUC - std': 0.00036394866367243884, 'Accuracy - mean': 0.8125602362951203, 'Accuracy - std': 0.0013545252874218885, 'F1 score - mean': 0.8079160228743797, 'F1 score - std': 0.0012569710841842288}
{'Log Loss - mean': 0.48379816737087766, 'Log Loss - std': 0.001837291816187533, 'AUC - mean': 0.962583180761239, 'AUC - std': 0.0003157566773831122, 'Accuracy - mean': 0.8124846683660709, 'Accuracy - std': 0.0011803328350094427, 'F1 score - mean': 0.8077342363716172, 'F1 score - std': 0.0011331907287020326}
{'Log Loss - mean': 0.4844516700750579, 'Log Loss - std': 0.0020997085778144183, 'AUC - mean': 0.962298148526059, 'AUC - std': 0.0006361881198329696, 'Accuracy - mean': 0.811836928338405, 'Accuracy - std': 0.0016711723594183207, 'F1 score - mean': 0.8067547716693028, 'F1 score - std': 0.0022056068086613438}
Results: {'Log Loss - mean': 0.4844516700750579, 'Log Loss - std': 0.0020997085778144183, 'AUC - mean': 0.962298148526059, 'AUC - std': 0.0006361881198329696, 'Accuracy - mean': 0.811836928338405, 'Accuracy - std': 0.0016711723594183207, 'F1 score - mean': 0.8067547716693028, 'F1 score - std': 0.0022056068086613438}
Train time: 0.16468091840000013
Inference time: 0.05997065179999987
Finished cross validation
{'Log Loss - mean': 0.4844516700750579, 'Log Loss - std': 0.0020997085778144183, 'AUC - mean': 0.962298148526059, 'AUC - std': 0.0006361881198329696, 'Accuracy - mean': 0.811836928338405, 'Accuracy - std': 0.0016711723594183207, 'F1 score - mean': 0.8067547716693028, 'F1 score - std': 0.0022056068086613438}
(0.16468091840000013, 0.05997065179999987)
