0


----------------------------------------------------------------------------
Training DecisionTree with config/adult.yml in env sklearn

WARNING:root:imports error 
 You need to install pymongo>=3.9.0 in order to use MongoOutput 
Namespace(config='config/adult.yml', model_name='DecisionTree', dataset='Adult', objective='binary', use_gpu=False, gpu_ids=[0, 1], data_parallel=True, optimize_hyperparameters=False, n_trials=2, direction='maximize', num_splits=5, shuffle=True, seed=221, scale=True, target_encode=True, one_hot_encode=False, batch_size=128, val_batch_size=256, early_stopping_rounds=20, epochs=3, logging_period=100, num_features=14, num_classes=1, cat_idx=[1, 3, 5, 6, 7, 8, 9, 13], cat_dims=[9, 16, 7, 15, 6, 5, 2, 42])
Train model with given hyperparameters
Loading dataset Adult...
Dataset loaded!
(32561, 14)
Scaling the data...
{'Log Loss - mean': 0.3389310429055712, 'Log Loss - std': 0.0, 'AUC - mean': 0.9054973381928588, 'AUC - std': 0.0, 'Accuracy - mean': 0.8483033932135728, 'Accuracy - std': 0.0, 'F1 score - mean': 0.8483033932135728, 'F1 score - std': 0.0}
{'Log Loss - mean': 0.32247456377607087, 'Log Loss - std': 0.01645647912950035, 'AUC - mean': 0.9081453491580171, 'AUC - std': 0.0026480109651583206, 'Accuracy - mean': 0.8539735639286538, 'Accuracy - std': 0.005670170715080913, 'F1 score - mean': 0.8539735639286538, 'F1 score - std': 0.005670170715080913}
{'Log Loss - mean': 0.31517149562943836, 'Log Loss - std': 0.016947371839565673, 'AUC - mean': 0.9112753838381012, 'AUC - std': 0.004926345052686131, 'Accuracy - mean': 0.8572456847157447, 'Accuracy - std': 0.006545795560209971, 'F1 score - mean': 0.8572456847157447, 'F1 score - std': 0.006545795560209971}
{'Log Loss - mean': 0.3147602572096356, 'Log Loss - std': 0.014694128429925448, 'AUC - mean': 0.9108601386923845, 'AUC - std': 0.004326539295640093, 'Accuracy - mean': 0.8568086492861943, 'Accuracy - std': 0.005719141503503417, 'F1 score - mean': 0.8568086492861943, 'F1 score - std': 0.005719141503503417}
{'Log Loss - mean': 0.31588461736809637, 'Log Loss - std': 0.01333381683224463, 'AUC - mean': 0.9102620193400777, 'AUC - std': 0.0040504494639225464, 'Accuracy - mean': 0.856884265866302, 'Accuracy - std': 0.0051175907513619084, 'F1 score - mean': 0.856884265866302, 'F1 score - std': 0.0051175907513619084}
Results: {'Log Loss - mean': 0.31588461736809637, 'Log Loss - std': 0.01333381683224463, 'AUC - mean': 0.9102620193400777, 'AUC - std': 0.0040504494639225464, 'Accuracy - mean': 0.856884265866302, 'Accuracy - std': 0.0051175907513619084, 'F1 score - mean': 0.856884265866302, 'F1 score - std': 0.0051175907513619084}
Train time: 0.05534168400000006
Inference time: 0.017552268399999925
Finished cross validation
{'Log Loss - mean': 0.31588461736809637, 'Log Loss - std': 0.01333381683224463, 'AUC - mean': 0.9102620193400777, 'AUC - std': 0.0040504494639225464, 'Accuracy - mean': 0.856884265866302, 'Accuracy - std': 0.0051175907513619084, 'F1 score - mean': 0.856884265866302, 'F1 score - std': 0.0051175907513619084}
(0.05534168400000006, 0.017552268399999925)


----------------------------------------------------------------------------
Training DecisionTree with config/california_housing.yml in env sklearn

WARNING:root:imports error 
 You need to install pymongo>=3.9.0 in order to use MongoOutput 
Namespace(config='config/california_housing.yml', model_name='DecisionTree', dataset='CaliforniaHousing', objective='regression', use_gpu=True, gpu_ids=[0, 1], data_parallel=True, optimize_hyperparameters=False, n_trials=2, direction='minimize', num_splits=5, shuffle=True, seed=221, scale=True, target_encode=False, one_hot_encode=False, batch_size=128, val_batch_size=256, early_stopping_rounds=20, epochs=3, logging_period=100, num_features=8, num_classes=1, cat_idx=None, cat_dims=None)
Train model with given hyperparameters
Loading dataset CaliforniaHousing...
Dataset loaded!
(20640, 8)
Scaling the data...
{'MSE - mean': 0.30383021173508745, 'MSE - std': 0.0, 'R2 - mean': 0.7759851861087779, 'R2 - std': 0.0}
{'MSE - mean': 0.30561161880558896, 'MSE - std': 0.0017814070705014786, 'R2 - mean': 0.7687394828171336, 'R2 - std': 0.007245703291644312}
{'MSE - mean': 0.3116618597970659, 'MSE - std': 0.008679080570186194, 'R2 - mean': 0.7638094457790169, 'R2 - std': 0.009143887276286646}
{'MSE - mean': 0.31151115350767244, 'MSE - std': 0.007520835513081366, 'R2 - mean': 0.7669950277259381, 'R2 - std': 0.009651518166212505}
{'MSE - mean': 0.30551945527161173, 'MSE - std': 0.013742349306429038, 'R2 - mean': 0.7703700165311765, 'R2 - std': 0.010958268114630328}
Results: {'MSE - mean': 0.30551945527161173, 'MSE - std': 0.013742349306429038, 'R2 - mean': 0.7703700165311765, 'R2 - std': 0.010958268114630328}
Train time: 0.012210010999999965
Inference time: 0.00469483399999997
Finished cross validation
{'MSE - mean': 0.30551945527161173, 'MSE - std': 0.013742349306429038, 'R2 - mean': 0.7703700165311765, 'R2 - std': 0.010958268114630328}
(0.012210010999999965, 0.00469483399999997)


----------------------------------------------------------------------------
Training DecisionTree with config/covertype.yml in env sklearn

WARNING:root:imports error 
 You need to install pymongo>=3.9.0 in order to use MongoOutput 
Namespace(config='config/covertype.yml', model_name='DecisionTree', dataset='Covertype', objective='classification', use_gpu=False, gpu_ids=[0, 1], data_parallel=True, optimize_hyperparameters=False, n_trials=2, direction='minimize', num_splits=5, shuffle=True, seed=221, scale=True, target_encode=True, one_hot_encode=False, batch_size=128, val_batch_size=256, early_stopping_rounds=20, epochs=3, logging_period=100, num_features=54, num_classes=7, cat_idx=None, cat_dims=None)
Train model with given hyperparameters
Loading dataset Covertype...
Dataset loaded!
(581012, 54)
Having 7 classes as target.
Scaling the data...
{'Log Loss - mean': 0.48626766604026916, 'Log Loss - std': 0.0, 'AUC - mean': 0.9617006772294603, 'AUC - std': 0.0, 'Accuracy - mean': 0.8120272282126968, 'Accuracy - std': 0.0, 'F1 score - mean': 0.8069426146731362, 'F1 score - std': 0.0}
{'Log Loss - mean': 0.48289821558616725, 'Log Loss - std': 0.003369450454101919, 'AUC - mean': 0.9623247594794994, 'AUC - std': 0.0006240822500390708, 'Accuracy - mean': 0.8137225372838912, 'Accuracy - std': 0.001695309071194362, 'F1 score - mean': 0.8087885902159462, 'F1 score - std': 0.0018459755428099078}
{'Log Loss - mean': 0.4828504496466559, 'Log Loss - std': 0.002751973972451996, 'AUC - mean': 0.962610930659558, 'AUC - std': 0.0006507229250111035, 'Accuracy - mean': 0.8134982546339576, 'Accuracy - std': 0.001420089426305609, 'F1 score - mean': 0.8086651849928931, 'F1 score - std': 0.0015173029255628977}
{'Log Loss - mean': 0.48262041554807855, 'Log Loss - std': 0.002416354199680748, 'AUC - mean': 0.9628359918242475, 'AUC - std': 0.0006852283031263571, 'Accuracy - mean': 0.8130074623391281, 'Accuracy - std': 0.0014950323454764997, 'F1 score - mean': 0.8080886028533742, 'F1 score - std': 0.0016504535791042395}
{'Log Loss - mean': 0.48445474544772293, 'Log Loss - std': 0.004257943026576283, 'AUC - mean': 0.9624057053582897, 'AUC - std': 0.0010565112555341618, 'Accuracy - mean': 0.8121123088327661, 'Accuracy - std': 0.0022345685424764376, 'F1 score - mean': 0.8071303987535086, 'F1 score - std': 0.002419053120834682}
Results: {'Log Loss - mean': 0.48445474544772293, 'Log Loss - std': 0.004257943026576283, 'AUC - mean': 0.9624057053582897, 'AUC - std': 0.0010565112555341618, 'Accuracy - mean': 0.8121123088327661, 'Accuracy - std': 0.0022345685424764376, 'F1 score - mean': 0.8071303987535086, 'F1 score - std': 0.002419053120834682}
Train time: 0.16623894980000004
Inference time: 0.05944181720000001
Finished cross validation
{'Log Loss - mean': 0.48445474544772293, 'Log Loss - std': 0.004257943026576283, 'AUC - mean': 0.9624057053582897, 'AUC - std': 0.0010565112555341618, 'Accuracy - mean': 0.8121123088327661, 'Accuracy - std': 0.0022345685424764376, 'F1 score - mean': 0.8071303987535086, 'F1 score - std': 0.002419053120834682}
(0.16623894980000004, 0.05944181720000001)
