0


----------------------------------------------------------------------------
Training DecisionTree with config/adult.yml in env sklearn

WARNING:root:imports error 
 You need to install pymongo>=3.9.0 in order to use MongoOutput 
Namespace(config='config/adult.yml', model_name='DecisionTree', dataset='Adult', objective='binary', use_gpu=False, gpu_ids=[0, 1], data_parallel=True, optimize_hyperparameters=False, n_trials=2, direction='maximize', num_splits=5, shuffle=True, seed=221, scale=True, target_encode=True, one_hot_encode=False, batch_size=128, val_batch_size=256, early_stopping_rounds=20, epochs=3, logging_period=100, num_features=14, num_classes=1, cat_idx=[1, 3, 5, 6, 7, 8, 9, 13], cat_dims=[9, 16, 7, 15, 6, 5, 2, 42])
Train model with given hyperparameters
Loading dataset Adult...
Dataset loaded!
(32561, 14)
Scaling the data...
{'Log Loss - mean': 0.33977003416017626, 'Log Loss - std': 0.0, 'AUC - mean': 0.9044182028006211, 'AUC - std': 0.0, 'Accuracy - mean': 0.8472286196837095, 'Accuracy - std': 0.0, 'F1 score - mean': 0.8472286196837095, 'F1 score - std': 0.0}
{'Log Loss - mean': 0.3223399996174018, 'Log Loss - std': 0.017430034542774447, 'AUC - mean': 0.908426162329658, 'AUC - std': 0.004007959529036875, 'Accuracy - mean': 0.854127209104754, 'Accuracy - std': 0.006898589421044488, 'F1 score - mean': 0.854127209104754, 'F1 score - std': 0.006898589421044488}
{'Log Loss - mean': 0.31575013450961703, 'Log Loss - std': 0.017011468103972412, 'AUC - mean': 0.9111941309161482, 'AUC - std': 0.005102201477387865, 'Accuracy - mean': 0.8561196136046436, 'Accuracy - std': 0.006298124751261928, 'F1 score - mean': 0.8561196136046436, 'F1 score - std': 0.006298124751261928}
{'Log Loss - mean': 0.3149810100723388, 'Log Loss - std': 0.014792470804074922, 'AUC - mean': 0.9108279328093702, 'AUC - std': 0.004463927429642816, 'Accuracy - mean': 0.8563480025867751, 'Accuracy - std': 0.005468662187255743, 'F1 score - mean': 0.8563480025867751, 'F1 score - std': 0.005468662187255743}
{'Log Loss - mean': 0.31608135212882227, 'Log Loss - std': 0.013412559955377342, 'AUC - mean': 0.9103627220895806, 'AUC - std': 0.004099634438937556, 'Accuracy - mean': 0.8561164856075036, 'Accuracy - std': 0.004913187696538834, 'F1 score - mean': 0.8561164856075036, 'F1 score - std': 0.004913187696538834}
Results: {'Log Loss - mean': 0.31608135212882227, 'Log Loss - std': 0.013412559955377342, 'AUC - mean': 0.9103627220895806, 'AUC - std': 0.004099634438937556, 'Accuracy - mean': 0.8561164856075036, 'Accuracy - std': 0.004913187696538834, 'F1 score - mean': 0.8561164856075036, 'F1 score - std': 0.004913187696538834}
Train time: 0.04334620659999997
Inference time: 0.014207360400000013
Finished cross validation
{'Log Loss - mean': 0.31608135212882227, 'Log Loss - std': 0.013412559955377342, 'AUC - mean': 0.9103627220895806, 'AUC - std': 0.004099634438937556, 'Accuracy - mean': 0.8561164856075036, 'Accuracy - std': 0.004913187696538834, 'F1 score - mean': 0.8561164856075036, 'F1 score - std': 0.004913187696538834}
(0.04334620659999997, 0.014207360400000013)


----------------------------------------------------------------------------
Training DecisionTree with config/california_housing.yml in env sklearn

WARNING:root:imports error 
 You need to install pymongo>=3.9.0 in order to use MongoOutput 
Namespace(config='config/california_housing.yml', model_name='DecisionTree', dataset='CaliforniaHousing', objective='regression', use_gpu=True, gpu_ids=[0, 1], data_parallel=True, optimize_hyperparameters=False, n_trials=2, direction='minimize', num_splits=5, shuffle=True, seed=221, scale=True, target_encode=False, one_hot_encode=False, batch_size=128, val_batch_size=256, early_stopping_rounds=20, epochs=3, logging_period=100, num_features=8, num_classes=1, cat_idx=None, cat_dims=None)
Train model with given hyperparameters
Loading dataset CaliforniaHousing...
Dataset loaded!
(20640, 8)
Scaling the data...
{'MSE - mean': 0.2985454610501432, 'MSE - std': 0.0, 'R2 - mean': 0.7798816466825589, 'R2 - std': 0.0}
{'MSE - mean': 0.3008772269359504, 'MSE - std': 0.0023317658858072465, 'R2 - mean': 0.7723109085348332, 'R2 - std': 0.007570738147725686}
{'MSE - mean': 0.3052403154631865, 'MSE - std': 0.006457386294557622, 'R2 - mean': 0.7686719231417376, 'R2 - std': 0.008043329334503213}
{'MSE - mean': 0.30952540880852963, 'MSE - std': 0.009292978707215923, 'R2 - mean': 0.7686086675556947, 'R2 - std': 0.006966589114836388}
{'MSE - mean': 0.30324774767001594, 'MSE - std': 0.015057346382488313, 'R2 - mean': 0.7721853098039457, 'R2 - std': 0.009486631130378339}
Results: {'MSE - mean': 0.30324774767001594, 'MSE - std': 0.015057346382488313, 'R2 - mean': 0.7721853098039457, 'R2 - std': 0.009486631130378339}
Train time: 0.8680560253999999
Inference time: 0.005604021600000087
Finished cross validation
{'MSE - mean': 0.30324774767001594, 'MSE - std': 0.015057346382488313, 'R2 - mean': 0.7721853098039457, 'R2 - std': 0.009486631130378339}
(0.8680560253999999, 0.005604021600000087)


----------------------------------------------------------------------------
Training DecisionTree with config/covertype.yml in env sklearn

WARNING:root:imports error 
 You need to install pymongo>=3.9.0 in order to use MongoOutput 
Namespace(config='config/covertype.yml', model_name='DecisionTree', dataset='Covertype', objective='classification', use_gpu=False, gpu_ids=[0, 1], data_parallel=True, optimize_hyperparameters=False, n_trials=2, direction='minimize', num_splits=5, shuffle=True, seed=221, scale=True, target_encode=True, one_hot_encode=False, batch_size=128, val_batch_size=256, early_stopping_rounds=20, epochs=3, logging_period=100, num_features=54, num_classes=7, cat_idx=None, cat_dims=None)
Train model with given hyperparameters
Loading dataset Covertype...
Dataset loaded!
(581012, 54)
Having 7 classes as target.
Scaling the data...
{'Log Loss - mean': 0.4868244283445739, 'Log Loss - std': 0.0, 'AUC - mean': 0.9620496037169752, 'AUC - std': 0.0, 'Accuracy - mean': 0.8118379043570304, 'Accuracy - std': 0.0, 'F1 score - mean': 0.8065868832062503, 'F1 score - std': 0.0}
{'Log Loss - mean': 0.48418699571631996, 'Log Loss - std': 0.0026374326282539717, 'AUC - mean': 0.9620295993086442, 'AUC - std': 2.0004408331053547e-05, 'Accuracy - mean': 0.8134729740196036, 'Accuracy - std': 0.001635069662573263, 'F1 score - mean': 0.8082199573674574, 'F1 score - std': 0.0016330741612071709}
{'Log Loss - mean': 0.48389299437107797, 'Log Loss - std': 0.002193226123254798, 'AUC - mean': 0.9624938425634048, 'AUC - std': 0.0006567422503664858, 'Accuracy - mean': 0.8135183360414106, 'Accuracy - std': 0.0013365692251768252, 'F1 score - mean': 0.8085360375390586, 'F1 score - std': 0.0014063312176583467}
{'Log Loss - mean': 0.48367022090364853, 'Log Loss - std': 0.0019381859235292774, 'AUC - mean': 0.9623809008524544, 'AUC - std': 0.0006014567962700785, 'Accuracy - mean': 0.8129386177820777, 'Accuracy - std': 0.0015323291914204088, 'F1 score - mean': 0.8078195446714767, 'F1 score - std': 0.0017387960513548292}
{'Log Loss - mean': 0.4852799607997551, 'Log Loss - std': 0.0036565423383029907, 'AUC - mean': 0.9620069838655677, 'AUC - std': 0.0009212252029516959, 'Accuracy - mean': 0.8117715238189567, 'Accuracy - std': 0.0027068172224437555, 'F1 score - mean': 0.8065773320921202, 'F1 score - std': 0.002931057443280611}
Results: {'Log Loss - mean': 0.4852799607997551, 'Log Loss - std': 0.0036565423383029907, 'AUC - mean': 0.9620069838655677, 'AUC - std': 0.0009212252029516959, 'Accuracy - mean': 0.8117715238189567, 'Accuracy - std': 0.0027068172224437555, 'F1 score - mean': 0.8065773320921202, 'F1 score - std': 0.002931057443280611}
Train time: 0.172212164
Inference time: 0.057394626000000046
Finished cross validation
{'Log Loss - mean': 0.4852799607997551, 'Log Loss - std': 0.0036565423383029907, 'AUC - mean': 0.9620069838655677, 'AUC - std': 0.0009212252029516959, 'Accuracy - mean': 0.8117715238189567, 'Accuracy - std': 0.0027068172224437555, 'F1 score - mean': 0.8065773320921202, 'F1 score - std': 0.002931057443280611}
(0.172212164, 0.057394626000000046)
