1


----------------------------------------------------------------------------
Training KNN with config/adult.yml in env sklearn

WARNING:root:imports error 
 You need to install pymongo>=3.9.0 in order to use MongoOutput 
Namespace(config='config/adult.yml', model_name='KNN', dataset='Adult', objective='binary', use_gpu=False, gpu_ids=[0, 1], data_parallel=True, optimize_hyperparameters=False, n_trials=2, direction='maximize', num_splits=5, shuffle=True, seed=221, scale=True, target_encode=True, one_hot_encode=False, batch_size=128, val_batch_size=256, early_stopping_rounds=20, epochs=3, logging_period=100, num_features=14, num_classes=1, cat_idx=[1, 3, 5, 6, 7, 8, 9, 13], cat_dims=[9, 16, 7, 15, 6, 5, 2, 42])
Train model with given hyperparameters
Loading dataset Adult...
Dataset loaded!
(32561, 14)
Scaling the data...
{'Log Loss - mean': 0.5136124527887479, 'Log Loss - std': 0.0, 'AUC - mean': 0.8574058131764094, 'AUC - std': 0.0, 'Accuracy - mean': 0.8151389528635038, 'Accuracy - std': 0.0, 'F1 score - mean': 0.8151389528635038, 'F1 score - std': 0.0}
{'Log Loss - mean': 0.4697480243469068, 'Log Loss - std': 0.043864428441841075, 'AUC - mean': 0.8624117530667232, 'AUC - std': 0.005005939890313893, 'Accuracy - mean': 0.8195780759403515, 'Accuracy - std': 0.004439123076847629, 'F1 score - mean': 0.8195780759403515, 'F1 score - std': 0.004439123076847629}
{'Log Loss - mean': 0.4697446827018494, 'Log Loss - std': 0.03581515615889611, 'AUC - mean': 0.8644439957825113, 'AUC - std': 0.004996629901113814, 'Accuracy - mean': 0.8215696591445095, 'Accuracy - std': 0.004590208758408429, 'F1 score - mean': 0.8215696591445095, 'F1 score - std': 0.004590208758408429}
{'Log Loss - mean': 0.4799787592110305, 'Log Loss - std': 0.03572468367952199, 'AUC - mean': 0.8636571270957831, 'AUC - std': 0.004536763137633304, 'Accuracy - mean': 0.8219512001323379, 'Accuracy - std': 0.0040297931597671754, 'F1 score - mean': 0.8219512001323379, 'F1 score - std': 0.0040297931597671754}
{'Log Loss - mean': 0.4751664622731294, 'Log Loss - std': 0.03337117358553116, 'AUC - mean': 0.8643872593883033, 'AUC - std': 0.004312557068829847, 'Accuracy - mean': 0.8216580117029219, 'Accuracy - std': 0.0036517426181179157, 'F1 score - mean': 0.8216580117029219, 'F1 score - std': 0.0036517426181179157}
Results: {'Log Loss - mean': 0.4751664622731294, 'Log Loss - std': 0.03337117358553116, 'AUC - mean': 0.8643872593883033, 'AUC - std': 0.004312557068829847, 'Accuracy - mean': 0.8216580117029219, 'Accuracy - std': 0.0036517426181179157, 'F1 score - mean': 0.8216580117029219, 'F1 score - std': 0.0036517426181179157}
Train time: 0.026052841399999905
Inference time: 0.5933812362
Finished cross validation
{'Log Loss - mean': 0.4751664622731294, 'Log Loss - std': 0.03337117358553116, 'AUC - mean': 0.8643872593883033, 'AUC - std': 0.004312557068829847, 'Accuracy - mean': 0.8216580117029219, 'Accuracy - std': 0.0036517426181179157, 'F1 score - mean': 0.8216580117029219, 'F1 score - std': 0.0036517426181179157}
(0.026052841399999905, 0.5933812362)


----------------------------------------------------------------------------
Training KNN with config/california_housing.yml in env sklearn

WARNING:root:imports error 
 You need to install pymongo>=3.9.0 in order to use MongoOutput 
Namespace(config='config/california_housing.yml', model_name='KNN', dataset='CaliforniaHousing', objective='regression', use_gpu=True, gpu_ids=[0, 1], data_parallel=True, optimize_hyperparameters=False, n_trials=2, direction='minimize', num_splits=5, shuffle=True, seed=221, scale=True, target_encode=False, one_hot_encode=False, batch_size=128, val_batch_size=256, early_stopping_rounds=20, epochs=3, logging_period=100, num_features=8, num_classes=1, cat_idx=None, cat_dims=None)
Train model with given hyperparameters
Loading dataset CaliforniaHousing...
Dataset loaded!
(20640, 8)
Scaling the data...
{'MSE - mean': 0.433338086926985, 'MSE - std': 0.0, 'R2 - mean': 0.6804986892496172, 'R2 - std': 0.0}
{'MSE - mean': 0.42652981852711264, 'MSE - std': 0.006808268399872364, 'R2 - mean': 0.6774183885755591, 'R2 - std': 0.003080300674058123}
{'MSE - mean': 0.426461941484108, 'MSE - std': 0.005559756618390279, 'R2 - mean': 0.676946799511812, 'R2 - std': 0.002601978859476047}
{'MSE - mean': 0.4332753026306773, 'MSE - std': 0.01274554198857554, 'R2 - mean': 0.6762288637324286, 'R2 - std': 0.002573716347779383}
{'MSE - mean': 0.4257095270495541, 'MSE - std': 0.018945260965257577, 'R2 - mean': 0.6802712893358696, 'R2 - std': 0.008406190082818722}
Results: {'MSE - mean': 0.4257095270495541, 'MSE - std': 0.018945260965257577, 'R2 - mean': 0.6802712893358696, 'R2 - std': 0.008406190082818722}
Train time: 0.0135317892
Inference time: 0.18208065260000003
Finished cross validation
{'MSE - mean': 0.4257095270495541, 'MSE - std': 0.018945260965257577, 'R2 - mean': 0.6802712893358696, 'R2 - std': 0.008406190082818722}
(0.0135317892, 0.18208065260000003)


----------------------------------------------------------------------------
Training KNN with config/covertype.yml in env sklearn

WARNING:root:imports error 
 You need to install pymongo>=3.9.0 in order to use MongoOutput 
Namespace(config='config/covertype.yml', model_name='KNN', dataset='Covertype', objective='classification', use_gpu=False, gpu_ids=[0, 1], data_parallel=True, optimize_hyperparameters=False, n_trials=2, direction='minimize', num_splits=5, shuffle=True, seed=221, scale=True, target_encode=True, one_hot_encode=False, batch_size=128, val_batch_size=256, early_stopping_rounds=20, epochs=3, logging_period=100, num_features=54, num_classes=7, cat_idx=None, cat_dims=None)
Train model with given hyperparameters
Loading dataset Covertype...
Dataset loaded!
(581012, 54)
Having 7 classes as target.
Scaling the data...
{'Log Loss - mean': 0.8149829419835676, 'Log Loss - std': 0.0, 'AUC - mean': 0.9003289190862037, 'AUC - std': 0.0, 'Accuracy - mean': 0.704671996420058, 'Accuracy - std': 0.0, 'F1 score - mean': 0.6906958987013619, 'F1 score - std': 0.0}
{'Log Loss - mean': 0.821817463195763, 'Log Loss - std': 0.00683452121219541, 'AUC - mean': 0.9003977526051418, 'AUC - std': 6.883351893804956e-05, 'Accuracy - mean': 0.7031444971300225, 'Accuracy - std': 0.0015274992900355389, 'F1 score - mean': 0.6887516998973404, 'F1 score - std': 0.0019441988040215796}
{'Log Loss - mean': 0.8038251701158606, 'Log Loss - std': 0.026049677042390366, 'AUC - mean': 0.9024388122887529, 'AUC - std': 0.002887041386323615, 'Accuracy - mean': 0.7026602918796744, 'Accuracy - std': 0.0014228183895478271, 'F1 score - mean': 0.6883557722687322, 'F1 score - std': 0.0016832874681892984}
{'Log Loss - mean': 0.8073431462870599, 'Log Loss - std': 0.023368092017385766, 'AUC - mean': 0.9011852685950126, 'AUC - std': 0.0033114002100482543, 'Accuracy - mean': 0.7025558805162686, 'Accuracy - std': 0.0012453972561602036, 'F1 score - mean': 0.6877725372078186, 'F1 score - std': 0.0017735788491801275}
{'Log Loss - mean': 0.8071374383086184, 'Log Loss - std': 0.020905105661440337, 'AUC - mean': 0.9008107462202698, 'AUC - std': 0.0030550556652240756, 'Accuracy - mean': 0.7026963283093334, 'Accuracy - std': 0.0011487879660007638, 'F1 score - mean': 0.6886533284583297, 'F1 score - std': 0.002370577662789264}
Results: {'Log Loss - mean': 0.8071374383086184, 'Log Loss - std': 0.020905105661440337, 'AUC - mean': 0.9008107462202698, 'AUC - std': 0.0030550556652240756, 'Accuracy - mean': 0.7026963283093334, 'Accuracy - std': 0.0011487879660007638, 'F1 score - mean': 0.6886533284583297, 'F1 score - std': 0.002370577662789264}
Train time: 0.02478212539999971
Inference time: 8.386573264199999
Finished cross validation
{'Log Loss - mean': 0.8071374383086184, 'Log Loss - std': 0.020905105661440337, 'AUC - mean': 0.9008107462202698, 'AUC - std': 0.0030550556652240756, 'Accuracy - mean': 0.7026963283093334, 'Accuracy - std': 0.0011487879660007638, 'F1 score - mean': 0.6886533284583297, 'F1 score - std': 0.002370577662789264}
(0.02478212539999971, 8.386573264199999)
