3


----------------------------------------------------------------------------
Training RandomForest with config/adult.yml in env sklearn

WARNING:root:imports error 
 You need to install pymongo>=3.9.0 in order to use MongoOutput 
Namespace(config='config/adult.yml', model_name='RandomForest', dataset='Adult', objective='binary', use_gpu=False, gpu_ids=[0, 1], data_parallel=True, optimize_hyperparameters=False, n_trials=2, direction='maximize', num_splits=5, shuffle=True, seed=221, scale=True, target_encode=True, one_hot_encode=False, batch_size=128, val_batch_size=256, early_stopping_rounds=20, epochs=3, logging_period=100, num_features=14, num_classes=1, cat_idx=[1, 3, 5, 6, 7, 8, 9, 13], cat_dims=[9, 16, 7, 15, 6, 5, 2, 42])
Train model with given hyperparameters
Loading dataset Adult...
Dataset loaded!
(32561, 14)
Scaling the data...
{'Log Loss - mean': 0.309430009854456, 'Log Loss - std': 0.0, 'AUC - mean': 0.9105547459784127, 'AUC - std': 0.0, 'Accuracy - mean': 0.8502994011976048, 'Accuracy - std': 0.0, 'F1 score - mean': 0.8502994011976048, 'F1 score - std': 0.0}
{'Log Loss - mean': 0.3036751775878768, 'Log Loss - std': 0.005754832266579191, 'AUC - mean': 0.9151357588496185, 'AUC - std': 0.004581012871205825, 'Accuracy - mean': 0.8575821330312349, 'Accuracy - std': 0.007282731833630041, 'F1 score - mean': 0.8575821330312349, 'F1 score - std': 0.007282731833630041}
{'Log Loss - mean': 0.29884072422751295, 'Log Loss - std': 0.008295939259543849, 'AUC - mean': 0.9185344918072155, 'AUC - std': 0.006090420679357601, 'Accuracy - mean': 0.8605727733721746, 'Accuracy - std': 0.007297030076551083, 'F1 score - mean': 0.8605727733721746, 'F1 score - std': 0.007297030076551083}
{'Log Loss - mean': 0.29963464725483846, 'Log Loss - std': 0.007314909259073812, 'AUC - mean': 0.9178521287055288, 'AUC - std': 0.005405254503378175, 'Accuracy - mean': 0.8609931549677059, 'Accuracy - std': 0.006361222210483819, 'F1 score - mean': 0.8609931549677059, 'F1 score - std': 0.006361222210483819}
{'Log Loss - mean': 0.3002379779590723, 'Log Loss - std': 0.006652995545577367, 'AUC - mean': 0.9174144091719061, 'AUC - std': 0.004913228526894687, 'Accuracy - mean': 0.8610918212714621, 'Accuracy - std': 0.005693071101515394, 'F1 score - mean': 0.8610918212714621, 'F1 score - std': 0.005693071101515394}
Results: {'Log Loss - mean': 0.3002379779590723, 'Log Loss - std': 0.006652995545577367, 'AUC - mean': 0.9174144091719061, 'AUC - std': 0.004913228526894687, 'Accuracy - mean': 0.8610918212714621, 'Accuracy - std': 0.005693071101515394, 'F1 score - mean': 0.8610918212714621, 'F1 score - std': 0.005693071101515394}
Train time: 1.5875508612
Inference time: 0.06274663179999988
Finished cross validation
{'Log Loss - mean': 0.3002379779590723, 'Log Loss - std': 0.006652995545577367, 'AUC - mean': 0.9174144091719061, 'AUC - std': 0.004913228526894687, 'Accuracy - mean': 0.8610918212714621, 'Accuracy - std': 0.005693071101515394, 'F1 score - mean': 0.8610918212714621, 'F1 score - std': 0.005693071101515394}
(1.5875508612, 0.06274663179999988)


----------------------------------------------------------------------------
Training RandomForest with config/california_housing.yml in env sklearn

WARNING:root:imports error 
 You need to install pymongo>=3.9.0 in order to use MongoOutput 
Namespace(config='config/california_housing.yml', model_name='RandomForest', dataset='CaliforniaHousing', objective='regression', use_gpu=True, gpu_ids=[0, 1], data_parallel=True, optimize_hyperparameters=False, n_trials=2, direction='minimize', num_splits=5, shuffle=True, seed=221, scale=True, target_encode=False, one_hot_encode=False, batch_size=128, val_batch_size=256, early_stopping_rounds=20, epochs=3, logging_period=100, num_features=8, num_classes=1, cat_idx=None, cat_dims=None)
Train model with given hyperparameters
Loading dataset CaliforniaHousing...
Dataset loaded!
(20640, 8)
Scaling the data...
{'MSE - mean': 0.29270492992747926, 'MSE - std': 0.0, 'R2 - mean': 0.7841878856342344, 'R2 - std': 0.0}
{'MSE - mean': 0.2935980961968042, 'MSE - std': 0.000893166269324952, 'R2 - mean': 0.7778460711008011, 'R2 - std': 0.006341814533433299}
{'MSE - mean': 0.2985324275530979, 'MSE - std': 0.007016201431247929, 'R2 - mean': 0.7737718832776945, 'R2 - std': 0.007746639307050741}
{'MSE - mean': 0.2990189077986063, 'MSE - std': 0.0061343541616615165, 'R2 - mean': 0.776367006047486, 'R2 - std': 0.008075382466857387}
{'MSE - mean': 0.2923860086454061, 'MSE - std': 0.014355683386403157, 'R2 - mean': 0.780277708367709, 'R2 - std': 0.01064630509324303}
Results: {'MSE - mean': 0.2923860086454061, 'MSE - std': 0.014355683386403157, 'R2 - mean': 0.780277708367709, 'R2 - std': 0.01064630509324303}
Train time: 0.7334298015999999
Inference time: 0.005772300799999952
Finished cross validation
{'MSE - mean': 0.2923860086454061, 'MSE - std': 0.014355683386403157, 'R2 - mean': 0.780277708367709, 'R2 - std': 0.01064630509324303}
(0.7334298015999999, 0.005772300799999952)


----------------------------------------------------------------------------
Training RandomForest with config/covertype.yml in env sklearn

WARNING:root:imports error 
 You need to install pymongo>=3.9.0 in order to use MongoOutput 
Namespace(config='config/covertype.yml', model_name='RandomForest', dataset='Covertype', objective='classification', use_gpu=False, gpu_ids=[0, 1], data_parallel=True, optimize_hyperparameters=False, n_trials=2, direction='minimize', num_splits=5, shuffle=True, seed=221, scale=True, target_encode=True, one_hot_encode=False, batch_size=128, val_batch_size=256, early_stopping_rounds=20, epochs=3, logging_period=100, num_features=54, num_classes=7, cat_idx=None, cat_dims=None)
Train model with given hyperparameters
Loading dataset Covertype...
Dataset loaded!
(581012, 54)
Having 7 classes as target.
Scaling the data...
{'Log Loss - mean': 0.5669688453374662, 'Log Loss - std': 0.0, 'AUC - mean': 0.9617187192484755, 'AUC - std': 0.0, 'Accuracy - mean': 0.7798507783792157, 'Accuracy - std': 0.0, 'F1 score - mean': 0.7716930431914312, 'F1 score - std': 0.0}
{'Log Loss - mean': 0.5687302048788353, 'Log Loss - std': 0.001761359541369134, 'AUC - mean': 0.9619849496348394, 'AUC - std': 0.00026623038636391927, 'Accuracy - mean': 0.7802509401650559, 'Accuracy - std': 0.00040016178584029177, 'F1 score - mean': 0.7717298406762985, 'F1 score - std': 3.6797484867234775e-05}
{'Log Loss - mean': 0.572364676439256, 'Log Loss - std': 0.005337323799089725, 'AUC - mean': 0.9619128702871159, 'AUC - std': 0.00024009014380465483, 'Accuracy - mean': 0.7804468067047603, 'Accuracy - std': 0.00042834608980288374, 'F1 score - mean': 0.7716936526603536, 'F1 score - std': 5.934516204164871e-05}
{'Log Loss - mean': 0.5723235455622254, 'Log Loss - std': 0.004622806966485092, 'AUC - mean': 0.961910475253111, 'AUC - std': 0.00020796554144318733, 'Accuracy - mean': 0.7818248384238646, 'Accuracy - std': 0.0024154760475028516, 'F1 score - mean': 0.7732064904634169, 'F1 score - std': 0.0026208159113768506}
{'Log Loss - mean': 0.572796519058669, 'Log Loss - std': 0.0042415906347570646, 'AUC - mean': 0.9618034043680117, 'AUC - std': 0.0002836484283158322, 'Accuracy - mean': 0.7830371929882785, 'Accuracy - std': 0.0032475889500163516, 'F1 score - mean': 0.7743959655266478, 'F1 score - std': 0.0033398120511869086}
Results: {'Log Loss - mean': 0.572796519058669, 'Log Loss - std': 0.0042415906347570646, 'AUC - mean': 0.9618034043680117, 'AUC - std': 0.0002836484283158322, 'Accuracy - mean': 0.7830371929882785, 'Accuracy - std': 0.0032475889500163516, 'F1 score - mean': 0.7743959655266478, 'F1 score - std': 0.0033398120511869086}
Train time: 27.619428397599997
Inference time: 0.3814939068000044
Finished cross validation
{'Log Loss - mean': 0.572796519058669, 'Log Loss - std': 0.0042415906347570646, 'AUC - mean': 0.9618034043680117, 'AUC - std': 0.0002836484283158322, 'Accuracy - mean': 0.7830371929882785, 'Accuracy - std': 0.0032475889500163516, 'F1 score - mean': 0.7743959655266478, 'F1 score - std': 0.0033398120511869086}
(27.619428397599997, 0.3814939068000044)
