0


----------------------------------------------------------------------------
Training LinearModel with config/adult.yml in env sklearn

WARNING:root:imports error 
 You need to install pymongo>=3.9.0 in order to use MongoOutput 
/home/houssam.bouchouk/.conda/envs/sklearn/lib/python3.12/site-packages/sklearn/linear_model/_logistic.py:469: ConvergenceWarning: lbfgs failed to converge (status=1):
STOP: TOTAL NO. of ITERATIONS REACHED LIMIT.

Increase the number of iterations (max_iter) or scale the data as shown in:
    https://scikit-learn.org/stable/modules/preprocessing.html
Please also refer to the documentation for alternative solver options:
    https://scikit-learn.org/stable/modules/linear_model.html#logistic-regression
  n_iter_i = _check_optimize_result(
/home/houssam.bouchouk/.conda/envs/sklearn/lib/python3.12/site-packages/sklearn/linear_model/_logistic.py:469: ConvergenceWarning: lbfgs failed to converge (status=1):
STOP: TOTAL NO. of ITERATIONS REACHED LIMIT.

Increase the number of iterations (max_iter) or scale the data as shown in:
    https://scikit-learn.org/stable/modules/preprocessing.html
Please also refer to the documentation for alternative solver options:
    https://scikit-learn.org/stable/modules/linear_model.html#logistic-regression
  n_iter_i = _check_optimize_result(
/home/houssam.bouchouk/.conda/envs/sklearn/lib/python3.12/site-packages/sklearn/linear_model/_logistic.py:469: ConvergenceWarning: lbfgs failed to converge (status=1):
STOP: TOTAL NO. of ITERATIONS REACHED LIMIT.

Increase the number of iterations (max_iter) or scale the data as shown in:
    https://scikit-learn.org/stable/modules/preprocessing.html
Please also refer to the documentation for alternative solver options:
    https://scikit-learn.org/stable/modules/linear_model.html#logistic-regression
  n_iter_i = _check_optimize_result(
/home/houssam.bouchouk/.conda/envs/sklearn/lib/python3.12/site-packages/sklearn/linear_model/_logistic.py:469: ConvergenceWarning: lbfgs failed to converge (status=1):
STOP: TOTAL NO. of ITERATIONS REACHED LIMIT.

Increase the number of iterations (max_iter) or scale the data as shown in:
    https://scikit-learn.org/stable/modules/preprocessing.html
Please also refer to the documentation for alternative solver options:
    https://scikit-learn.org/stable/modules/linear_model.html#logistic-regression
  n_iter_i = _check_optimize_result(
/home/houssam.bouchouk/.conda/envs/sklearn/lib/python3.12/site-packages/sklearn/linear_model/_logistic.py:469: ConvergenceWarning: lbfgs failed to converge (status=1):
STOP: TOTAL NO. of ITERATIONS REACHED LIMIT.

Increase the number of iterations (max_iter) or scale the data as shown in:
    https://scikit-learn.org/stable/modules/preprocessing.html
Please also refer to the documentation for alternative solver options:
    https://scikit-learn.org/stable/modules/linear_model.html#logistic-regression
  n_iter_i = _check_optimize_result(
Namespace(config='config/adult.yml', model_name='LinearModel', dataset='Adult', objective='binary', use_gpu=False, gpu_ids=[0, 1], data_parallel=True, optimize_hyperparameters=False, n_trials=2, direction='maximize', num_splits=5, shuffle=True, seed=221, scale=True, target_encode=True, one_hot_encode=False, batch_size=128, val_batch_size=256, early_stopping_rounds=20, epochs=3, logging_period=100, num_features=14, num_classes=1, cat_idx=[1, 3, 5, 6, 7, 8, 9, 13], cat_dims=[9, 16, 7, 15, 6, 5, 2, 42])
Train model with given hyperparameters
Loading dataset Adult...
Dataset loaded!
(32561, 14)
Scaling the data...
{'Log Loss - mean': 0.39505571844928455, 'Log Loss - std': 0.0, 'AUC - mean': 0.8458290534032149, 'AUC - std': 0.0, 'Accuracy - mean': 0.8186703516044833, 'Accuracy - std': 0.0, 'F1 score - mean': 0.8186703516044833, 'F1 score - std': 0.0}
{'Log Loss - mean': 0.38850588060205826, 'Log Loss - std': 0.006549837847226292, 'AUC - mean': 0.8503246708260048, 'AUC - std': 0.0044956174227899215, 'Accuracy - mean': 0.8214205566376225, 'Accuracy - std': 0.0027502050331391636, 'F1 score - mean': 0.8214205566376225, 'F1 score - std': 0.0027502050331391636}
{'Log Loss - mean': 0.3850289118237591, 'Log Loss - std': 0.007264907041422222, 'AUC - mean': 0.8533457040778477, 'AUC - std': 0.005632672647942193, 'Accuracy - mean': 0.8238217306331078, 'Accuracy - std': 0.004071079905388709, 'F1 score - mean': 0.8238217306331078, 'F1 score - std': 0.004071079905388709}
{'Log Loss - mean': 0.384326734147314, 'Log Loss - std': 0.006408066495306775, 'AUC - mean': 0.8537608208478317, 'AUC - std': 0.004930741999671321, 'Accuracy - mean': 0.8238705977291306, 'Accuracy - std': 0.0035266744499976048, 'F1 score - mean': 0.8238705977291306, 'F1 score - std': 0.0035266744499976048}
{'Log Loss - mean': 0.38452217214890183, 'Log Loss - std': 0.005744861792634981, 'AUC - mean': 0.8533482715897639, 'AUC - std': 0.0044867093615685956, 'Accuracy - mean': 0.8243913184781448, 'Accuracy - std': 0.0033218287937261627, 'F1 score - mean': 0.8243913184781448, 'F1 score - std': 0.0033218287937261627}
Results: {'Log Loss - mean': 0.38452217214890183, 'Log Loss - std': 0.005744861792634981, 'AUC - mean': 0.8533482715897639, 'AUC - std': 0.0044867093615685956, 'Accuracy - mean': 0.8243913184781448, 'Accuracy - std': 0.0033218287937261627, 'F1 score - mean': 0.8243913184781448, 'F1 score - std': 0.0033218287937261627}
Train time: 0.22137718460000005
Inference time: 0.0038963245999999786
Finished cross validation
{'Log Loss - mean': 0.38452217214890183, 'Log Loss - std': 0.005744861792634981, 'AUC - mean': 0.8533482715897639, 'AUC - std': 0.0044867093615685956, 'Accuracy - mean': 0.8243913184781448, 'Accuracy - std': 0.0033218287937261627, 'F1 score - mean': 0.8243913184781448, 'F1 score - std': 0.0033218287937261627}
(0.22137718460000005, 0.0038963245999999786)


----------------------------------------------------------------------------
Training LinearModel with config/california_housing.yml in env sklearn

WARNING:root:imports error 
 You need to install pymongo>=3.9.0 in order to use MongoOutput 
Namespace(config='config/california_housing.yml', model_name='LinearModel', dataset='CaliforniaHousing', objective='regression', use_gpu=True, gpu_ids=[0, 1], data_parallel=True, optimize_hyperparameters=False, n_trials=2, direction='minimize', num_splits=5, shuffle=True, seed=221, scale=True, target_encode=False, one_hot_encode=False, batch_size=128, val_batch_size=256, early_stopping_rounds=20, epochs=3, logging_period=100, num_features=8, num_classes=1, cat_idx=None, cat_dims=None)
Train model with given hyperparameters
Loading dataset CaliforniaHousing...
Dataset loaded!
(20640, 8)
Scaling the data...
{'MSE - mean': 0.5241779011162193, 'MSE - std': 0.0, 'R2 - mean': 0.6135222554272382, 'R2 - std': 0.0}
{'MSE - mean': 0.5262557905050367, 'MSE - std': 0.002077889388817311, 'R2 - mean': 0.6017941009215606, 'R2 - std': 0.011728154505677602}
{'MSE - mean': 0.5254768896949762, 'MSE - std': 0.002022817132598055, 'R2 - mean': 0.6018079522324293, 'R2 - std': 0.009576018089842429}
{'MSE - mean': 0.534268268771528, 'MSE - std': 0.015327552970609835, 'R2 - mean': 0.600672060691619, 'R2 - std': 0.008523252936537492}
{'MSE - mean': 0.5285279717621754, 'MSE - std': 0.017881586704647137, 'R2 - mean': 0.6029193711451641, 'R2 - std': 0.00884976212079218}
Results: {'MSE - mean': 0.5285279717621754, 'MSE - std': 0.017881586704647137, 'R2 - mean': 0.6029193711451641, 'R2 - std': 0.00884976212079218}
Train time: 0.003607929000000021
Inference time: 0.0002936317999999938
Finished cross validation
{'MSE - mean': 0.5285279717621754, 'MSE - std': 0.017881586704647137, 'R2 - mean': 0.6029193711451641, 'R2 - std': 0.00884976212079218}
(0.003607929000000021, 0.0002936317999999938)


----------------------------------------------------------------------------
Training LinearModel with config/covertype.yml in env sklearn

WARNING:root:imports error 
 You need to install pymongo>=3.9.0 in order to use MongoOutput 
/home/houssam.bouchouk/.conda/envs/sklearn/lib/python3.12/site-packages/sklearn/linear_model/_logistic.py:469: ConvergenceWarning: lbfgs failed to converge (status=1):
STOP: TOTAL NO. of ITERATIONS REACHED LIMIT.

Increase the number of iterations (max_iter) or scale the data as shown in:
    https://scikit-learn.org/stable/modules/preprocessing.html
Please also refer to the documentation for alternative solver options:
    https://scikit-learn.org/stable/modules/linear_model.html#logistic-regression
  n_iter_i = _check_optimize_result(
/home/houssam.bouchouk/.conda/envs/sklearn/lib/python3.12/site-packages/sklearn/linear_model/_logistic.py:469: ConvergenceWarning: lbfgs failed to converge (status=1):
STOP: TOTAL NO. of ITERATIONS REACHED LIMIT.

Increase the number of iterations (max_iter) or scale the data as shown in:
    https://scikit-learn.org/stable/modules/preprocessing.html
Please also refer to the documentation for alternative solver options:
    https://scikit-learn.org/stable/modules/linear_model.html#logistic-regression
  n_iter_i = _check_optimize_result(
/home/houssam.bouchouk/.conda/envs/sklearn/lib/python3.12/site-packages/sklearn/linear_model/_logistic.py:469: ConvergenceWarning: lbfgs failed to converge (status=1):
STOP: TOTAL NO. of ITERATIONS REACHED LIMIT.

Increase the number of iterations (max_iter) or scale the data as shown in:
    https://scikit-learn.org/stable/modules/preprocessing.html
Please also refer to the documentation for alternative solver options:
    https://scikit-learn.org/stable/modules/linear_model.html#logistic-regression
  n_iter_i = _check_optimize_result(
/home/houssam.bouchouk/.conda/envs/sklearn/lib/python3.12/site-packages/sklearn/linear_model/_logistic.py:469: ConvergenceWarning: lbfgs failed to converge (status=1):
STOP: TOTAL NO. of ITERATIONS REACHED LIMIT.

Increase the number of iterations (max_iter) or scale the data as shown in:
    https://scikit-learn.org/stable/modules/preprocessing.html
Please also refer to the documentation for alternative solver options:
    https://scikit-learn.org/stable/modules/linear_model.html#logistic-regression
  n_iter_i = _check_optimize_result(
/home/houssam.bouchouk/.conda/envs/sklearn/lib/python3.12/site-packages/sklearn/linear_model/_logistic.py:469: ConvergenceWarning: lbfgs failed to converge (status=1):
STOP: TOTAL NO. of ITERATIONS REACHED LIMIT.

Increase the number of iterations (max_iter) or scale the data as shown in:
    https://scikit-learn.org/stable/modules/preprocessing.html
Please also refer to the documentation for alternative solver options:
    https://scikit-learn.org/stable/modules/linear_model.html#logistic-regression
  n_iter_i = _check_optimize_result(
Namespace(config='config/covertype.yml', model_name='LinearModel', dataset='Covertype', objective='classification', use_gpu=False, gpu_ids=[0, 1], data_parallel=True, optimize_hyperparameters=False, n_trials=2, direction='minimize', num_splits=5, shuffle=True, seed=221, scale=True, target_encode=True, one_hot_encode=False, batch_size=128, val_batch_size=256, early_stopping_rounds=20, epochs=3, logging_period=100, num_features=54, num_classes=7, cat_idx=None, cat_dims=None)
Train model with given hyperparameters
Loading dataset Covertype...
Dataset loaded!
(581012, 54)
Having 7 classes as target.
Scaling the data...
{'Log Loss - mean': 0.6300147782503553, 'Log Loss - std': 0.0, 'AUC - mean': 0.9284395514021369, 'AUC - std': 0.0, 'Accuracy - mean': 0.7239572128086194, 'Accuracy - std': 0.0, 'F1 score - mean': 0.7136436057408173, 'F1 score - std': 0.0}
{'Log Loss - mean': 0.6292564469362292, 'Log Loss - std': 0.000758331314126226, 'AUC - mean': 0.9285118383032357, 'AUC - std': 7.228690109883917e-05, 'Accuracy - mean': 0.724486459041505, 'Accuracy - std': 0.0005292462328855829, 'F1 score - mean': 0.7141769073732271, 'F1 score - std': 0.0005333016324098327}
{'Log Loss - mean': 0.6295093456629157, 'Log Loss - std': 0.0007150476347131982, 'AUC - mean': 0.9283537138431459, 'AUC - std': 0.0002312796729885384, 'Accuracy - mean': 0.7245502114911445, 'Accuracy - std': 0.00044143304477478536, 'F1 score - mean': 0.7142342183633259, 'F1 score - std': 0.00044291781020054324}
{'Log Loss - mean': 0.6299208068725339, 'Log Loss - std': 0.0009441243673336328, 'AUC - mean': 0.9282665737249249, 'AUC - std': 0.00025079456924734234, 'Accuracy - mean': 0.7242572223952297, 'Accuracy - std': 0.0006353543741403664, 'F1 score - mean': 0.7140136291943009, 'F1 score - std': 0.0005413971595955027}
{'Log Loss - mean': 0.6299164527830593, 'Log Loss - std': 0.0008444954050645373, 'AUC - mean': 0.9281875880449976, 'AUC - std': 0.0002743597698380078, 'Accuracy - mean': 0.7242569852964353, 'Accuracy - std': 0.000568278425998023, 'F1 score - mean': 0.7140666300296334, 'F1 score - std': 0.0004957066286809602}
Results: {'Log Loss - mean': 0.6299164527830593, 'Log Loss - std': 0.0008444954050645373, 'AUC - mean': 0.9281875880449976, 'AUC - std': 0.0002743597698380078, 'Accuracy - mean': 0.7242569852964353, 'Accuracy - std': 0.000568278425998023, 'F1 score - mean': 0.7140666300296334, 'F1 score - std': 0.0004957066286809602}
Train time: 15.0819091796
Inference time: 0.030892955999999572
Finished cross validation
{'Log Loss - mean': 0.6299164527830593, 'Log Loss - std': 0.0008444954050645373, 'AUC - mean': 0.9281875880449976, 'AUC - std': 0.0002743597698380078, 'Accuracy - mean': 0.7242569852964353, 'Accuracy - std': 0.000568278425998023, 'F1 score - mean': 0.7140666300296334, 'F1 score - std': 0.0004957066286809602}
(15.0819091796, 0.030892955999999572)
