3


----------------------------------------------------------------------------
Training RandomForest with config/covertype.yml in env sklearn

WARNING:root:imports error 
 You need to install pymongo>=3.9.0 in order to use MongoOutput 
Namespace(config='config/covertype.yml', model_name='RandomForest', dataset='Covertype', objective='classification', use_gpu=False, gpu_ids=[0, 1], data_parallel=True, optimize_hyperparameters=False, n_trials=2, direction='minimize', num_splits=5, shuffle=True, seed=221, scale=True, target_encode=True, one_hot_encode=False, batch_size=128, val_batch_size=256, early_stopping_rounds=20, epochs=3, logging_period=100, num_features=54, num_classes=7, cat_idx=None, cat_dims=None)
Train model with given hyperparameters
Loading dataset Covertype...
Dataset loaded!
(581012, 54)
Having 7 classes as target.
Scaling the data...
{'Log Loss - mean': 0.5874022505894537, 'Log Loss - std': 0.0, 'AUC - mean': 0.9594434042020946, 'AUC - std': 0.0, 'Accuracy - mean': 0.7774670189237799, 'Accuracy - std': 0.0, 'F1 score - mean': 0.7694799275529893, 'F1 score - std': 0.0}
{'Log Loss - mean': 0.57743780243757, 'Log Loss - std': 0.009964448151883687, 'AUC - mean': 0.9607391103566726, 'AUC - std': 0.0012957061545779691, 'Accuracy - mean': 0.7781253496037107, 'Accuracy - std': 0.0006583306799308186, 'F1 score - mean': 0.7699518993391774, 'F1 score - std': 0.00047197178618807456}
{'Log Loss - mean': 0.5755308948079393, 'Log Loss - std': 0.008571235503916952, 'AUC - mean': 0.961569438526881, 'AUC - std': 0.0015805461186430005, 'Accuracy - mean': 0.7809316068837048, 'Accuracy - std': 0.004004883606190255, 'F1 score - mean': 0.7726332113213635, 'F1 score - std': 0.0038114790833657305}
{'Log Loss - mean': 0.5750787013398821, 'Log Loss - std': 0.007464113835236275, 'AUC - mean': 0.9616799689023153, 'AUC - std': 0.0013821162818478889, 'Accuracy - mean': 0.7807641945691571, 'Accuracy - std': 0.003480431032722124, 'F1 score - mean': 0.7722435838500659, 'F1 score - std': 0.0033691183270064015}
{'Log Loss - mean': 0.5757296443255375, 'Log Loss - std': 0.006801860286611941, 'AUC - mean': 0.9615420551845943, 'AUC - std': 0.001266600610840544, 'Accuracy - mean': 0.7808651206507646, 'Accuracy - std': 0.0031195295213577905, 'F1 score - mean': 0.7721868538359244, 'F1 score - std': 0.003015566251819764}
Results: {'Log Loss - mean': 0.5757296443255375, 'Log Loss - std': 0.006801860286611941, 'AUC - mean': 0.9615420551845943, 'AUC - std': 0.001266600610840544, 'Accuracy - mean': 0.7808651206507646, 'Accuracy - std': 0.0031195295213577905, 'F1 score - mean': 0.7721868538359244, 'F1 score - std': 0.003015566251819764}
Train time: 27.844856361999994
Inference time: 0.38070598560000024
Finished cross validation
{'Log Loss - mean': 0.5757296443255375, 'Log Loss - std': 0.006801860286611941, 'AUC - mean': 0.9615420551845943, 'AUC - std': 0.001266600610840544, 'Accuracy - mean': 0.7808651206507646, 'Accuracy - std': 0.0031195295213577905, 'F1 score - mean': 0.7721868538359244, 'F1 score - std': 0.003015566251819764}
(27.844856361999994, 0.38070598560000024)
