2


----------------------------------------------------------------------------
Training DecisionTree with config/covertype.yml in env sklearn

WARNING:root:imports error 
 You need to install pymongo>=3.9.0 in order to use MongoOutput 
Namespace(config='config/covertype.yml', model_name='DecisionTree', dataset='Covertype', objective='classification', use_gpu=False, gpu_ids=[0, 1], data_parallel=True, optimize_hyperparameters=False, n_trials=2, direction='minimize', num_splits=5, shuffle=True, seed=221, scale=True, target_encode=True, one_hot_encode=False, batch_size=128, val_batch_size=256, early_stopping_rounds=20, epochs=3, logging_period=100, num_features=54, num_classes=7, cat_idx=None, cat_dims=None)
Train model with given hyperparameters
Loading dataset Covertype...
Dataset loaded!
(581012, 54)
Having 7 classes as target.
Scaling the data...
{'Log Loss - mean': 0.48692256778840953, 'Log Loss - std': 0.0, 'AUC - mean': 0.9625754259376714, 'AUC - std': 0.0, 'Accuracy - mean': 0.8130168756400438, 'Accuracy - std': 0.0, 'F1 score - mean': 0.808614568779454, 'F1 score - std': 0.0}
{'Log Loss - mean': 0.4830456597720865, 'Log Loss - std': 0.0038769080163230107, 'AUC - mean': 0.9629462305819249, 'AUC - std': 0.00037080464425343074, 'Accuracy - mean': 0.8133395867576569, 'Accuracy - std': 0.000322711117613117, 'F1 score - mean': 0.8086717275662769, 'F1 score - std': 5.715878682294173e-05}
{'Log Loss - mean': 0.48127043408555936, 'Log Loss - std': 0.004040189309207091, 'AUC - mean': 0.9631644473334572, 'AUC - std': 0.00043232066505302316, 'Accuracy - mean': 0.8139486219996974, 'Accuracy - std': 0.0009007087000700996, 'F1 score - mean': 0.8094092605640122, 'F1 score - std': 0.0010440727609242373}
{'Log Loss - mean': 0.48167829972609755, 'Log Loss - std': 0.0035695112246452235, 'AUC - mean': 0.9627963414781526, 'AUC - std': 0.0007393792194823109, 'Accuracy - mean': 0.8142337767870315, 'Accuracy - std': 0.0009232534213340748, 'F1 score - mean': 0.809523950561547, 'F1 score - std': 0.0009257577081405314}
{'Log Loss - mean': 0.48322040790264154, 'Log Loss - std': 0.004439089863806597, 'AUC - mean': 0.9623651470176151, 'AUC - std': 0.0010867658236044491, 'Accuracy - mean': 0.8133704640553976, 'Accuracy - std': 0.0019139365178628518, 'F1 score - mean': 0.8085294819101605, 'F1 score - std': 0.0021544125560596507}
Results: {'Log Loss - mean': 0.48322040790264154, 'Log Loss - std': 0.004439089863806597, 'AUC - mean': 0.9623651470176151, 'AUC - std': 0.0010867658236044491, 'Accuracy - mean': 0.8133704640553976, 'Accuracy - std': 0.0019139365178628518, 'F1 score - mean': 0.8085294819101605, 'F1 score - std': 0.0021544125560596507}
Train time: 0.17222851220000016
Inference time: 0.0719497284
Finished cross validation
{'Log Loss - mean': 0.48322040790264154, 'Log Loss - std': 0.004439089863806597, 'AUC - mean': 0.9623651470176151, 'AUC - std': 0.0010867658236044491, 'Accuracy - mean': 0.8133704640553976, 'Accuracy - std': 0.0019139365178628518, 'F1 score - mean': 0.8085294819101605, 'F1 score - std': 0.0021544125560596507}
(0.17222851220000016, 0.0719497284)
