4


----------------------------------------------------------------------------
Training SVM with config/adult.yml in env sklearn

WARNING:root:imports error 
 You need to install pymongo>=3.9.0 in order to use MongoOutput 
Namespace(config='config/adult.yml', model_name='SVM', dataset='Adult', objective='binary', use_gpu=False, gpu_ids=[0, 1], data_parallel=True, optimize_hyperparameters=False, n_trials=2, direction='maximize', num_splits=5, shuffle=True, seed=221, scale=True, target_encode=True, one_hot_encode=False, batch_size=128, val_batch_size=256, early_stopping_rounds=20, epochs=3, logging_period=100, num_features=14, num_classes=1, cat_idx=[1, 3, 5, 6, 7, 8, 9, 13], cat_dims=[9, 16, 7, 15, 6, 5, 2, 42])
Train model with given hyperparameters
Loading dataset Adult...
Dataset loaded!
(32561, 14)
Scaling the data...
{'Log Loss - mean': 0.41319906360401154, 'Log Loss - std': 0.0, 'AUC - mean': 0.8417542247551159, 'AUC - std': 0.0, 'Accuracy - mean': 0.8129894058037771, 'Accuracy - std': 0.0, 'F1 score - mean': 0.8129894058037771, 'F1 score - std': 0.0}
{'Log Loss - mean': 0.40198291600553626, 'Log Loss - std': 0.011216147598475279, 'AUC - mean': 0.8475855194964734, 'AUC - std': 0.005831294741357518, 'Accuracy - mean': 0.8203460542532399, 'Accuracy - std': 0.0073566484494628215, 'F1 score - mean': 0.8203460542532399, 'F1 score - std': 0.0073566484494628215}
{'Log Loss - mean': 0.3995826420919489, 'Log Loss - std': 0.009766811541525932, 'AUC - mean': 0.8500722706176873, 'AUC - std': 0.005919222458913474, 'Accuracy - mean': 0.8232077708125612, 'Accuracy - std': 0.0072428604573361475, 'F1 score - mean': 0.8232077708125612, 'F1 score - std': 0.0072428604573361475}
{'Log Loss - mean': 0.4013821045560453, 'Log Loss - std': 0.009014274859623384, 'AUC - mean': 0.8491184934245957, 'AUC - std': 0.0053858117949631855, 'Accuracy - mean': 0.8227574865860794, 'Accuracy - std': 0.006320802034329798, 'F1 score - mean': 0.8227574865860794, 'F1 score - std': 0.006320802034329798}
{'Log Loss - mean': 0.4007505195528055, 'Log Loss - std': 0.008160963145434482, 'AUC - mean': 0.8487103871295452, 'AUC - std': 0.0048858753509326515, 'Accuracy - mean': 0.823746529809404, 'Accuracy - std': 0.0059895623109011845, 'F1 score - mean': 0.823746529809404, 'F1 score - std': 0.0059895623109011845}
Results: {'Log Loss - mean': 0.4007505195528055, 'Log Loss - std': 0.008160963145434482, 'AUC - mean': 0.8487103871295452, 'AUC - std': 0.0048858753509326515, 'Accuracy - mean': 0.823746529809404, 'Accuracy - std': 0.0059895623109011845, 'F1 score - mean': 0.823746529809404, 'F1 score - std': 0.0059895623109011845}
Train time: 592.959588929
Inference time: 33.030550436200016
Finished cross validation
{'Log Loss - mean': 0.4007505195528055, 'Log Loss - std': 0.008160963145434482, 'AUC - mean': 0.8487103871295452, 'AUC - std': 0.0048858753509326515, 'Accuracy - mean': 0.823746529809404, 'Accuracy - std': 0.0059895623109011845, 'F1 score - mean': 0.823746529809404, 'F1 score - std': 0.0059895623109011845}
(592.959588929, 33.030550436200016)


----------------------------------------------------------------------------
Training SVM with config/california_housing.yml in env sklearn

WARNING:root:imports error 
 You need to install pymongo>=3.9.0 in order to use MongoOutput 
Namespace(config='config/california_housing.yml', model_name='SVM', dataset='CaliforniaHousing', objective='regression', use_gpu=True, gpu_ids=[0, 1], data_parallel=True, optimize_hyperparameters=False, n_trials=2, direction='minimize', num_splits=5, shuffle=True, seed=221, scale=True, target_encode=False, one_hot_encode=False, batch_size=128, val_batch_size=256, early_stopping_rounds=20, epochs=3, logging_period=100, num_features=8, num_classes=1, cat_idx=None, cat_dims=None)
Train model with given hyperparameters
Loading dataset CaliforniaHousing...
Dataset loaded!
(20640, 8)
Scaling the data...
{'MSE - mean': 0.39593385956005217, 'MSE - std': 0.0, 'R2 - mean': 0.7080769244241174, 'R2 - std': 0.0}
{'MSE - mean': 0.3913980125230695, 'MSE - std': 0.0045358470369826764, 'R2 - mean': 0.7039553029216056, 'R2 - std': 0.00412162150251183}
{'MSE - mean': 0.39453047577525946, 'MSE - std': 0.005774131185547356, 'R2 - mean': 0.7011056446026195, 'R2 - std': 0.0052503600774846245}
{'MSE - mean': 0.40637194889411676, 'MSE - std': 0.02111082423982528, 'R2 - mean': 0.6964705356187947, 'R2 - std': 0.009226452004060599}
{'MSE - mean': 0.40233247985714576, 'MSE - std': 0.020537837288050195, 'R2 - mean': 0.697888104017218, 'R2 - std': 0.008725819957082551}
Results: {'MSE - mean': 0.40233247985714576, 'MSE - std': 0.020537837288050195, 'R2 - mean': 0.697888104017218, 'R2 - std': 0.008725819957082551}
Train time: 67.48901515520001
Inference time: 22.846213266000003
Finished cross validation
{'MSE - mean': 0.40233247985714576, 'MSE - std': 0.020537837288050195, 'R2 - mean': 0.697888104017218, 'R2 - std': 0.008725819957082551}
(67.48901515520001, 22.846213266000003)


----------------------------------------------------------------------------
Training SVM with config/covertype.yml in env sklearn

WARNING:root:imports error 
 You need to install pymongo>=3.9.0 in order to use MongoOutput 
slurmstepd-slurm-compute-h24b8-u10-svn1: error: *** JOB 2494495 ON slurm-compute-h24b8-u10-svn1 CANCELLED AT 2024-06-06T01:07:43 ***
