9


----------------------------------------------------------------------------
Training  with config/adult.yml in env torch

WARNING:root:imports error 
 You need to install pymongo>=3.9.0 in order to use MongoOutput 
Namespace(config='config/adult.yml', model_name='', dataset='Adult', objective='binary', use_gpu=False, gpu_ids=[0, 1], data_parallel=True, optimize_hyperparameters=False, n_trials=2, direction='maximize', num_splits=5, shuffle=True, seed=221, scale=True, target_encode=True, one_hot_encode=False, batch_size=128, val_batch_size=256, early_stopping_rounds=20, epochs=3, logging_period=100, num_features=14, num_classes=1, cat_idx=[1, 3, 5, 6, 7, 8, 9, 13], cat_dims=[9, 16, 7, 15, 6, 5, 2, 42])
Train model with given hyperparameters
Loading dataset Adult...
Dataset loaded!
(32561, 14)
Scaling the data...
Traceback (most recent call last):
  File "/srv/lustre01/project/manapy-um6p-st-msda-1wabcjwe938/users/houssam.bouchouk/TabSurvey/train.py", line 154, in <module>
    main_once(arguments)
  File "/srv/lustre01/project/manapy-um6p-st-msda-1wabcjwe938/users/houssam.bouchouk/TabSurvey/train.py", line 133, in main_once
    model_name = str2model(args.model_name)
                 ^^^^^^^^^^^^^^^^^^^^^^^^^^
  File "/srv/lustre01/project/manapy-um6p-st-msda-1wabcjwe938/users/houssam.bouchouk/TabSurvey/models/__init__.py", line 97, in str2model
    raise NotImplementedError("Model \"" + model + "\" not yet implemented")
NotImplementedError: Model "" not yet implemented


----------------------------------------------------------------------------
Training  with config/california_housing.yml in env torch

WARNING:root:imports error 
 You need to install pymongo>=3.9.0 in order to use MongoOutput 
Namespace(config='config/california_housing.yml', model_name='', dataset='CaliforniaHousing', objective='regression', use_gpu=True, gpu_ids=[0, 1], data_parallel=True, optimize_hyperparameters=False, n_trials=2, direction='minimize', num_splits=5, shuffle=True, seed=221, scale=True, target_encode=False, one_hot_encode=False, batch_size=128, val_batch_size=256, early_stopping_rounds=20, epochs=3, logging_period=100, num_features=8, num_classes=1, cat_idx=None, cat_dims=None)
Train model with given hyperparameters
Loading dataset CaliforniaHousing...
Dataset loaded!
(20640, 8)
Scaling the data...
Traceback (most recent call last):
  File "/srv/lustre01/project/manapy-um6p-st-msda-1wabcjwe938/users/houssam.bouchouk/TabSurvey/train.py", line 154, in <module>
    main_once(arguments)
  File "/srv/lustre01/project/manapy-um6p-st-msda-1wabcjwe938/users/houssam.bouchouk/TabSurvey/train.py", line 133, in main_once
    model_name = str2model(args.model_name)
                 ^^^^^^^^^^^^^^^^^^^^^^^^^^
  File "/srv/lustre01/project/manapy-um6p-st-msda-1wabcjwe938/users/houssam.bouchouk/TabSurvey/models/__init__.py", line 97, in str2model
    raise NotImplementedError("Model \"" + model + "\" not yet implemented")
NotImplementedError: Model "" not yet implemented


----------------------------------------------------------------------------
Training  with config/covertype.yml in env torch

WARNING:root:imports error 
 You need to install pymongo>=3.9.0 in order to use MongoOutput 
Namespace(config='config/covertype.yml', model_name='', dataset='Covertype', objective='classification', use_gpu=False, gpu_ids=[0, 1], data_parallel=True, optimize_hyperparameters=False, n_trials=2, direction='minimize', num_splits=5, shuffle=True, seed=221, scale=True, target_encode=True, one_hot_encode=False, batch_size=128, val_batch_size=256, early_stopping_rounds=20, epochs=3, logging_period=100, num_features=54, num_classes=7, cat_idx=None, cat_dims=None)
Train model with given hyperparameters
Loading dataset Covertype...
Dataset loaded!
(581012, 54)
Having 7 classes as target.
Scaling the data...
Traceback (most recent call last):
  File "/srv/lustre01/project/manapy-um6p-st-msda-1wabcjwe938/users/houssam.bouchouk/TabSurvey/train.py", line 154, in <module>
    main_once(arguments)
  File "/srv/lustre01/project/manapy-um6p-st-msda-1wabcjwe938/users/houssam.bouchouk/TabSurvey/train.py", line 133, in main_once
    model_name = str2model(args.model_name)
                 ^^^^^^^^^^^^^^^^^^^^^^^^^^
  File "/srv/lustre01/project/manapy-um6p-st-msda-1wabcjwe938/users/houssam.bouchouk/TabSurvey/models/__init__.py", line 97, in str2model
    raise NotImplementedError("Model \"" + model + "\" not yet implemented")
NotImplementedError: Model "" not yet implemented
